# Design: Design contador_1bit already active.
# 
# Design: Warning: Library SPARTAN3E required for the selected device family has not been installed.
# DESIGN: Default Design Language: VHDL
# DESIGN: Default BDE Language: VHDL
# DESIGN: Flow Manager: Not Defined
acom -reorder -O3 -work contador_1bit -2002  $dsn/src/contador_1bit.vhd
# Compile with File Reorder...
# Warning: DAGGEN_0523: The source is compiled without the -dbg switch. Line breakpoints, code coverage, and assertion debug will not be available.
# File: C:\My_Designs\Blog\Contador_1bit\Contador_1bit\contador_1bit\src\contador_1bit.vhd
# Compile Entity "contador_1bit"
# Compile Architecture "contador_1bit" of Entity "contador_1bit"
# Top-level unit(s) detected:
# Entity => contador_1bit
# Compile success 0 Errors 0 Warnings  Analysis time :  0.3 [s]
# ELBREAD: Elaboration process.
# ELBREAD: Elaboration time 0.0 [s].
asim -O5 +access +r +m+contador_1bit contador_1bit contador_1bit
# ELBREAD: Elaboration process.
# ELBREAD: Elaboration time 0.0 [s].
# asim: Stack memory: 32MB
# asim: Retval memory: 32MB
# 
# KERNEL: Main thread initiated.
# KERNEL: Kernel process initialization phase.
# KERNEL: Time resolution set to 1ps.
# ELAB2: Elaboration final pass...
# ELAB2: Create instances ...
# ELAB2: Create instances complete.
# SLP: Started
# SLP: Elaboration phase ...
# SLP: Elaboration phase ... skipped, nothing to simulate in SLP mode : 0.0 [s]
# SLP: Finished : 0.0 [s]
# ELAB2: Elaboration final pass complete - time: 0.1 [s].
# KERNEL: Warning: You are using the Active-HDL Student Edition. The performance of simulation is running at a reduced rate.
# KERNEL: Warning: Contact Aldec for available upgrade options - sales@aldec.com.
# KERNEL: Kernel process initialization done.
# Allocation: Simulator allocated 7197 kB (elbread=2047 elab2=5058 kernel=90 sdf=0)
# KERNEL: ASDB file was created in location C:\My_Designs\Blog\Contador_1bit\Contador_1bit\contador_1bit\src\wave.asdb
#  01:26 p.m., jueves, 10 de octubre de 2013
#  Simulation has been initialized
#  Selected Top-Level: contador_1bit (contador_1bit)
# 2 signal(s) traced.
run 100 ns
# KERNEL: stopped at time: 100 ns
restart
# ELBREAD: Elaboration process.
# ELBREAD: Elaboration time 0.0 [s].
# 
# KERNEL: Main thread initiated.
# KERNEL: Kernel process initialization phase.
# KERNEL: Time resolution set to 1ps.
# ELAB2: Elaboration final pass...
# ELAB2: Create instances ...
# ELAB2: Create instances complete.
# SLP: Started
# SLP: Elaboration phase ...
# SLP: Elaboration phase ... skipped, nothing to simulate in SLP mode : 0.0 [s]
# SLP: Finished : 0.0 [s]
# ELAB2: Elaboration final pass complete - time: 0.1 [s].
# KERNEL: Warning: You are using the Active-HDL Student Edition. The performance of simulation is running at a reduced rate.
# KERNEL: Warning: Contact Aldec for available upgrade options - sales@aldec.com.
# KERNEL: Kernel process initialization done.
# Allocation: Simulator allocated 7197 kB (elbread=2047 elab2=5058 kernel=90 sdf=0)
# KERNEL: ASDB file was created in location C:\My_Designs\Blog\Contador_1bit\Contador_1bit\contador_1bit\src\wave.asdb
#  01:27 p.m., jueves, 10 de octubre de 2013
#  Simulation has been initialized
#  Selected Top-Level: contador_1bit (contador_1bit)
# KERNEL: Signal '/contador_1bit/CK1' has already been traced
# KERNEL: Signal '/contador_1bit/CK2' has already been traced
run 200 ns
# KERNEL: stopped at time: 200 ns
# Adding file C:\My_Designs\Blog\Contador_1bit\Contador_1bit\contador_1bit\src\contador_1bit.awc ... Done
#  Simulation has been stopped
